Arguments: 
  /opt/homebrew/Cellar/node/15.12.0/bin/node /usr/local/bin/yarn init

PATH: 
  /opt/homebrew/opt/openjdk/bin:/opt/homebrew/opt/openjdk/bin:/Users/marco/.cabal/bin:/Users/marco/.ghcup/bin:/opt/homebrew/opt/libpq/bin:/Users/marco/scripts:/opt/homebrew/sbin:/opt/homebrew/bin:/opt/homebrew/bin:/opt/homebrew/sbin:/opt/homebrew/anaconda3/bin/:/Users/marco/Applications/:/usr/local/bin:/usr/bin:/bin:/usr/sbin:/sbin:/Library/Apple/usr/bin

Yarn version: 
  1.22.10

Node version: 
  15.12.0

Platform: 
  darwin arm64

Trace: 
  Error: canceled
      at Interface.<anonymous> (/usr/local/lib/node_modules/yarn/lib/cli.js:136216:13)
      at Interface.emit (node:events:369:20)
      at Interface._ttyWrite (node:readline:973:16)
      at ReadStream.onkeypress (node:readline:259:10)
      at ReadStream.emit (node:events:369:20)
      at emitKeys (node:internal/readline/utils:358:14)
      at emitKeys.next (<anonymous>)
      at ReadStream.onData (node:readline:1242:36)
      at ReadStream.emit (node:events:369:20)
      at addChunk (node:internal/streams/readable:313:12)

npm manifest: 
  No manifest

yarn manifest: 
  No manifest

Lockfile: 
  No lockfile
